<?xml version="1.0" encoding="UTF-8"?>
<!-- Generated by org.testng.reporters.JUnitReportReporter -->
<testsuite hostname="UKL001187" failures="0" tests="1" name="runner.TestRunner" time="5.445" errors="0" timestamp="2022-10-26T18:00:45 BST" skipped="0">
  <testcase classname="runner.TestRunner" name="runScenario" time="5.445"/>
  <system-out/>
</testsuite> <!-- runner.TestRunner -->
