<?xml version="1.0" encoding="UTF-8"?>
<!-- Generated by org.testng.reporters.JUnitReportReporter -->
<testsuite hostname="UKL001187" failures="0" tests="1" name="runner.TestRunner" time="6.252" errors="0" timestamp="2022-11-07T20:02:57 GMT" skipped="0">
  <testcase classname="runner.TestRunner" name="runScenario" time="6.252"/>
  <system-out/>
</testsuite> <!-- runner.TestRunner -->
